[0.655s] Invoking command in '/home/tan/ros2_humble/src/yolo_segmentation_node': PYTHONPATH=/home/tan/ros2_humble/build/yolo_segmentation_node/prefix_override:/usr/lib/python3/dist-packages/colcon_core/task/python/colcon_distutils_commands:/home/tan/ros2_humble/install/yolo_segmentation_node/lib/python3.10/site-packages:${PYTHONPATH} /usr/bin/python3 -W ignore:setup.py install is deprecated setup.py egg_info --egg-base ../../build/yolo_segmentation_node build --build-base /home/tan/ros2_humble/build/yolo_segmentation_node/build install --record /home/tan/ros2_humble/build/yolo_segmentation_node/install.log --single-version-externally-managed install_data
[0.892s] running egg_info
[0.893s] creating ../../build/yolo_segmentation_node/yolo_segmentation_node.egg-info
[0.893s] writing ../../build/yolo_segmentation_node/yolo_segmentation_node.egg-info/PKG-INFO
[0.893s] writing dependency_links to ../../build/yolo_segmentation_node/yolo_segmentation_node.egg-info/dependency_links.txt
[0.893s] writing entry points to ../../build/yolo_segmentation_node/yolo_segmentation_node.egg-info/entry_points.txt
[0.893s] writing requirements to ../../build/yolo_segmentation_node/yolo_segmentation_node.egg-info/requires.txt
[0.893s] writing top-level names to ../../build/yolo_segmentation_node/yolo_segmentation_node.egg-info/top_level.txt
[0.893s] writing manifest file '../../build/yolo_segmentation_node/yolo_segmentation_node.egg-info/SOURCES.txt'
[0.895s] reading manifest file '../../build/yolo_segmentation_node/yolo_segmentation_node.egg-info/SOURCES.txt'
[0.895s] writing manifest file '../../build/yolo_segmentation_node/yolo_segmentation_node.egg-info/SOURCES.txt'
[0.895s] running build
[0.896s] running build_py
[0.896s] creating /home/tan/ros2_humble/build/yolo_segmentation_node/build
[0.896s] creating /home/tan/ros2_humble/build/yolo_segmentation_node/build/lib
[0.896s] creating /home/tan/ros2_humble/build/yolo_segmentation_node/build/lib/yolo_segmentation_node
[0.896s] copying yolo_segmentation_node/__init__.py -> /home/tan/ros2_humble/build/yolo_segmentation_node/build/lib/yolo_segmentation_node
[0.896s] copying yolo_segmentation_node/vision.py -> /home/tan/ros2_humble/build/yolo_segmentation_node/build/lib/yolo_segmentation_node
[0.896s] running install
[0.896s] running install_lib
[0.897s] creating /home/tan/ros2_humble/install/yolo_segmentation_node/lib/python3.10/site-packages/yolo_segmentation_node
[0.897s] copying /home/tan/ros2_humble/build/yolo_segmentation_node/build/lib/yolo_segmentation_node/__init__.py -> /home/tan/ros2_humble/install/yolo_segmentation_node/lib/python3.10/site-packages/yolo_segmentation_node
[0.897s] copying /home/tan/ros2_humble/build/yolo_segmentation_node/build/lib/yolo_segmentation_node/vision.py -> /home/tan/ros2_humble/install/yolo_segmentation_node/lib/python3.10/site-packages/yolo_segmentation_node
[0.897s] byte-compiling /home/tan/ros2_humble/install/yolo_segmentation_node/lib/python3.10/site-packages/yolo_segmentation_node/__init__.py to __init__.cpython-310.pyc
[0.898s] byte-compiling /home/tan/ros2_humble/install/yolo_segmentation_node/lib/python3.10/site-packages/yolo_segmentation_node/vision.py to vision.cpython-310.pyc
[0.898s] running install_data
[0.898s] creating /home/tan/ros2_humble/install/yolo_segmentation_node/share/ament_index
[0.899s] creating /home/tan/ros2_humble/install/yolo_segmentation_node/share/ament_index/resource_index
[0.899s] creating /home/tan/ros2_humble/install/yolo_segmentation_node/share/ament_index/resource_index/packages
[0.899s] copying resource/yolo_segmentation_node -> /home/tan/ros2_humble/install/yolo_segmentation_node/share/ament_index/resource_index/packages
[0.899s] copying package.xml -> /home/tan/ros2_humble/install/yolo_segmentation_node/share/yolo_segmentation_node
[0.899s] running install_egg_info
[0.901s] Copying ../../build/yolo_segmentation_node/yolo_segmentation_node.egg-info to /home/tan/ros2_humble/install/yolo_segmentation_node/lib/python3.10/site-packages/yolo_segmentation_node-0.0.0-py3.10.egg-info
[0.901s] running install_scripts
[0.920s] Installing yolo_segmentation_node script to /home/tan/ros2_humble/install/yolo_segmentation_node/lib/yolo_segmentation_node
[0.920s] writing list of installed files to '/home/tan/ros2_humble/build/yolo_segmentation_node/install.log'
[0.943s] Invoked command in '/home/tan/ros2_humble/src/yolo_segmentation_node' returned '0': PYTHONPATH=/home/tan/ros2_humble/build/yolo_segmentation_node/prefix_override:/usr/lib/python3/dist-packages/colcon_core/task/python/colcon_distutils_commands:/home/tan/ros2_humble/install/yolo_segmentation_node/lib/python3.10/site-packages:${PYTHONPATH} /usr/bin/python3 -W ignore:setup.py install is deprecated setup.py egg_info --egg-base ../../build/yolo_segmentation_node build --build-base /home/tan/ros2_humble/build/yolo_segmentation_node/build install --record /home/tan/ros2_humble/build/yolo_segmentation_node/install.log --single-version-externally-managed install_data
