[0.641s] Invoking command in '/home/tan/ros2_humble/build/yolo_segmentation_node': PYTHONPATH=/home/tan/ros2_humble/build/yolo_segmentation_node/prefix_override:/usr/lib/python3/dist-packages/colcon_core/task/python/colcon_distutils_commands:/home/tan/ros2_humble/install/yolo_segmentation_node/lib/python3.10/site-packages:${PYTHONPATH} /usr/bin/python3 -W ignore:setup.py install is deprecated setup.py develop --editable --build-directory /home/tan/ros2_humble/build/yolo_segmentation_node/build --no-deps symlink_data --force
[0.885s] running develop
[0.886s] /usr/lib/python3/dist-packages/setuptools/command/easy_install.py:158: EasyInstallDeprecationWarning: easy_install command is deprecated. Use build and pip and other standards-based tools.
[0.886s]   warnings.warn(
[1.047s] running egg_info
[1.047s] writing yolo_segmentation_node.egg-info/PKG-INFO
[1.055s] writing dependency_links to yolo_segmentation_node.egg-info/dependency_links.txt
[1.056s] writing entry points to yolo_segmentation_node.egg-info/entry_points.txt
[1.056s] writing requirements to yolo_segmentation_node.egg-info/requires.txt
[1.056s] writing top-level names to yolo_segmentation_node.egg-info/top_level.txt
[1.058s] reading manifest file 'yolo_segmentation_node.egg-info/SOURCES.txt'
[1.059s] writing manifest file 'yolo_segmentation_node.egg-info/SOURCES.txt'
[1.101s] running build_ext
[1.101s] Creating /home/tan/ros2_humble/install/yolo_segmentation_node/lib/python3.10/site-packages/yolo-segmentation-node.egg-link (link to .)
[1.102s] Installing yolo_segmentation_node script to /home/tan/ros2_humble/install/yolo_segmentation_node/lib/yolo_segmentation_node
[1.102s] 
[1.102s] Installed /home/tan/ros2_humble/build/yolo_segmentation_node
[1.102s] running symlink_data
[1.102s] symbolically linking /home/tan/ros2_humble/build/yolo_segmentation_node/resource/yolo_segmentation_node -> /home/tan/ros2_humble/install/yolo_segmentation_node/share/ament_index/resource_index/packages
[1.102s] symbolically linking /home/tan/ros2_humble/build/yolo_segmentation_node/package.xml -> /home/tan/ros2_humble/install/yolo_segmentation_node/share/yolo_segmentation_node
[1.125s] Invoked command in '/home/tan/ros2_humble/build/yolo_segmentation_node' returned '0': PYTHONPATH=/home/tan/ros2_humble/build/yolo_segmentation_node/prefix_override:/usr/lib/python3/dist-packages/colcon_core/task/python/colcon_distutils_commands:/home/tan/ros2_humble/install/yolo_segmentation_node/lib/python3.10/site-packages:${PYTHONPATH} /usr/bin/python3 -W ignore:setup.py install is deprecated setup.py develop --editable --build-directory /home/tan/ros2_humble/build/yolo_segmentation_node/build --no-deps symlink_data --force
